<?xml version="1.0" encoding="UTF-8"?>
<!-- Generated by org.testng.reporters.JUnitReportReporter -->
<testsuite hostname="DESKTOP-4HL9IF1" failures="0" tests="1" name="MyTestCases.SignUp" time="12.402" errors="0" timestamp="2024-04-22T20:25:11 AST" skipped="0">
  <testcase classname="MyTestCases.SignUp" name="myFirstTest" time="12.402"/>
  <system-out/>
</testsuite> <!-- MyTestCases.SignUp -->
