<?xml version="1.0" encoding="UTF-8"?>
<!-- Generated by org.testng.reporters.JUnitReportReporter -->
<testsuite hostname="DESKTOP-4HL9IF1" failures="0" tests="4" name="MyTestCases.SignUp" time="18.120" errors="0" timestamp="2024-04-26T00:19:35 AST" skipped="3">
  <testcase classname="MyTestCases.SignUp" name="addRandomItem" time="18.120"/>
  <system-out/>
  <testcase classname="MyTestCases.SignUp" name="logoutTest">
    <skipped/>
  </testcase> <!-- logoutTest -->
  <system-out/>
  <testcase classname="MyTestCases.SignUp" name="loginProcess">
    <skipped/>
  </testcase> <!-- loginProcess -->
  <system-out/>
  <testcase classname="MyTestCases.SignUp" name="myFirstTest">
    <skipped/>
  </testcase> <!-- myFirstTest -->
  <system-out/>
</testsuite> <!-- MyTestCases.SignUp -->
